[2023-06-19T13:28:16.271+0000] {taskinstance.py:1103} INFO - Dependencies all met for dep_context=non-requeueable deps ti=<TaskInstance: time_tracking.inserting_values manual__2023-06-19T13:28:12.927872+00:00 [queued]>
[2023-06-19T13:28:16.277+0000] {taskinstance.py:1103} INFO - Dependencies all met for dep_context=requeueable deps ti=<TaskInstance: time_tracking.inserting_values manual__2023-06-19T13:28:12.927872+00:00 [queued]>
[2023-06-19T13:28:16.278+0000] {taskinstance.py:1308} INFO - Starting attempt 1 of 1
[2023-06-19T13:28:16.286+0000] {taskinstance.py:1327} INFO - Executing <Task(PostgresOperator): inserting_values> on 2023-06-19 13:28:12.927872+00:00
[2023-06-19T13:28:16.293+0000] {standard_task_runner.py:57} INFO - Started process 282 to run task
[2023-06-19T13:28:16.301+0000] {standard_task_runner.py:84} INFO - Running: ['***', 'tasks', 'run', 'time_tracking', 'inserting_values', 'manual__2023-06-19T13:28:12.927872+00:00', '--job-id', '10', '--raw', '--subdir', 'DAGS_FOLDER/create_database_postgres.py', '--cfg-path', '/tmp/tmp2lsezthn']
[2023-06-19T13:28:16.303+0000] {standard_task_runner.py:85} INFO - Job 10: Subtask inserting_values
[2023-06-19T13:28:16.373+0000] {task_command.py:410} INFO - Running <TaskInstance: time_tracking.inserting_values manual__2023-06-19T13:28:12.927872+00:00 [running]> on host 747bd14dcad6
[2023-06-19T13:28:16.435+0000] {taskinstance.py:1547} INFO - Exporting env vars: AIRFLOW_CTX_DAG_OWNER='***' AIRFLOW_CTX_DAG_ID='time_tracking' AIRFLOW_CTX_TASK_ID='inserting_values' AIRFLOW_CTX_EXECUTION_DATE='2023-06-19T13:28:12.927872+00:00' AIRFLOW_CTX_TRY_NUMBER='1' AIRFLOW_CTX_DAG_RUN_ID='manual__2023-06-19T13:28:12.927872+00:00'
[2023-06-19T13:28:16.437+0000] {sql.py:265} INFO - Executing: 
                INSERT INTO myTime VALUES (CURRENT_TIMESTAMP);   
        
[2023-06-19T13:28:16.446+0000] {base.py:73} INFO - Using connection ID 'postgres' for task execution.
[2023-06-19T13:28:16.485+0000] {base.py:73} INFO - Using connection ID 'postgres' for task execution.
[2023-06-19T13:28:16.490+0000] {sql.py:375} INFO - Running statement: 
                INSERT INTO myTime VALUES (CURRENT_TIMESTAMP);   
        , parameters: None
[2023-06-19T13:28:16.492+0000] {sql.py:384} INFO - Rows affected: 1
[2023-06-19T13:28:16.509+0000] {taskinstance.py:1350} INFO - Marking task as SUCCESS. dag_id=time_tracking, task_id=inserting_values, execution_date=20230619T132812, start_date=20230619T132816, end_date=20230619T132816
[2023-06-19T13:28:16.553+0000] {local_task_job_runner.py:225} INFO - Task exited with return code 0
[2023-06-19T13:28:16.588+0000] {taskinstance.py:2653} INFO - 0 downstream tasks scheduled from follow-on schedule check
