[2023-06-19T13:28:14.279+0000] {taskinstance.py:1103} INFO - Dependencies all met for dep_context=non-requeueable deps ti=<TaskInstance: time_tracking.creating_table manual__2023-06-19T13:28:12.927872+00:00 [queued]>
[2023-06-19T13:28:14.285+0000] {taskinstance.py:1103} INFO - Dependencies all met for dep_context=requeueable deps ti=<TaskInstance: time_tracking.creating_table manual__2023-06-19T13:28:12.927872+00:00 [queued]>
[2023-06-19T13:28:14.286+0000] {taskinstance.py:1308} INFO - Starting attempt 1 of 1
[2023-06-19T13:28:14.295+0000] {taskinstance.py:1327} INFO - Executing <Task(PostgresOperator): creating_table> on 2023-06-19 13:28:12.927872+00:00
[2023-06-19T13:28:14.300+0000] {standard_task_runner.py:57} INFO - Started process 275 to run task
[2023-06-19T13:28:14.307+0000] {standard_task_runner.py:84} INFO - Running: ['***', 'tasks', 'run', 'time_tracking', 'creating_table', 'manual__2023-06-19T13:28:12.927872+00:00', '--job-id', '8', '--raw', '--subdir', 'DAGS_FOLDER/create_database_postgres.py', '--cfg-path', '/tmp/tmpqpg2ql2g']
[2023-06-19T13:28:14.310+0000] {standard_task_runner.py:85} INFO - Job 8: Subtask creating_table
[2023-06-19T13:28:14.366+0000] {task_command.py:410} INFO - Running <TaskInstance: time_tracking.creating_table manual__2023-06-19T13:28:12.927872+00:00 [running]> on host 747bd14dcad6
[2023-06-19T13:28:14.489+0000] {taskinstance.py:1547} INFO - Exporting env vars: AIRFLOW_CTX_DAG_OWNER='***' AIRFLOW_CTX_DAG_ID='time_tracking' AIRFLOW_CTX_TASK_ID='creating_table' AIRFLOW_CTX_EXECUTION_DATE='2023-06-19T13:28:12.927872+00:00' AIRFLOW_CTX_TRY_NUMBER='1' AIRFLOW_CTX_DAG_RUN_ID='manual__2023-06-19T13:28:12.927872+00:00'
[2023-06-19T13:28:14.494+0000] {sql.py:265} INFO - Executing: 
            CREATE TABLE IF NOT EXISTS myTime (
                curr_time TIMESTAMP
            );
        
[2023-06-19T13:28:14.517+0000] {base.py:73} INFO - Using connection ID 'postgres' for task execution.
[2023-06-19T13:28:14.602+0000] {base.py:73} INFO - Using connection ID 'postgres' for task execution.
[2023-06-19T13:28:14.616+0000] {sql.py:375} INFO - Running statement: 
            CREATE TABLE IF NOT EXISTS myTime (
                curr_time TIMESTAMP
            );
        , parameters: None
[2023-06-19T13:28:14.644+0000] {taskinstance.py:1350} INFO - Marking task as SUCCESS. dag_id=time_tracking, task_id=creating_table, execution_date=20230619T132812, start_date=20230619T132814, end_date=20230619T132814
[2023-06-19T13:28:14.678+0000] {local_task_job_runner.py:225} INFO - Task exited with return code 0
[2023-06-19T13:28:14.704+0000] {taskinstance.py:2653} INFO - 1 downstream tasks scheduled from follow-on schedule check
