[2023-06-19T13:19:17.844+0000] {taskinstance.py:1103} INFO - Dependencies all met for dep_context=non-requeueable deps ti=<TaskInstance: time_task.insert_value manual__2023-06-19T13:19:15.435952+00:00 [queued]>
[2023-06-19T13:19:17.850+0000] {taskinstance.py:1103} INFO - Dependencies all met for dep_context=requeueable deps ti=<TaskInstance: time_task.insert_value manual__2023-06-19T13:19:15.435952+00:00 [queued]>
[2023-06-19T13:19:17.850+0000] {taskinstance.py:1308} INFO - Starting attempt 1 of 1
[2023-06-19T13:19:17.858+0000] {taskinstance.py:1327} INFO - Executing <Task(PostgresOperator): insert_value> on 2023-06-19 13:19:15.435952+00:00
[2023-06-19T13:19:17.862+0000] {standard_task_runner.py:57} INFO - Started process 108 to run task
[2023-06-19T13:19:17.865+0000] {standard_task_runner.py:84} INFO - Running: ['***', 'tasks', 'run', 'time_task', 'insert_value', 'manual__2023-06-19T13:19:15.435952+00:00', '--job-id', '6', '--raw', '--subdir', 'DAGS_FOLDER/create_database_postgres.py', '--cfg-path', '/tmp/tmp2mlfrqgv']
[2023-06-19T13:19:17.867+0000] {standard_task_runner.py:85} INFO - Job 6: Subtask insert_value
[2023-06-19T13:19:17.906+0000] {task_command.py:410} INFO - Running <TaskInstance: time_task.insert_value manual__2023-06-19T13:19:15.435952+00:00 [running]> on host 747bd14dcad6
[2023-06-19T13:19:17.961+0000] {taskinstance.py:1547} INFO - Exporting env vars: AIRFLOW_CTX_DAG_OWNER='***' AIRFLOW_CTX_DAG_ID='time_task' AIRFLOW_CTX_TASK_ID='insert_value' AIRFLOW_CTX_EXECUTION_DATE='2023-06-19T13:19:15.435952+00:00' AIRFLOW_CTX_TRY_NUMBER='1' AIRFLOW_CTX_DAG_RUN_ID='manual__2023-06-19T13:19:15.435952+00:00'
[2023-06-19T13:19:17.963+0000] {sql.py:265} INFO - Executing: 
                INSERT INTO myTime VALUES (CURRENT_TIMESTAMP);   
        
[2023-06-19T13:19:17.971+0000] {base.py:73} INFO - Using connection ID 'postgres' for task execution.
[2023-06-19T13:19:18.006+0000] {base.py:73} INFO - Using connection ID 'postgres' for task execution.
[2023-06-19T13:19:18.011+0000] {sql.py:375} INFO - Running statement: 
                INSERT INTO myTime VALUES (CURRENT_TIMESTAMP);   
        , parameters: None
[2023-06-19T13:19:18.012+0000] {sql.py:384} INFO - Rows affected: 1
[2023-06-19T13:19:18.021+0000] {taskinstance.py:1350} INFO - Marking task as SUCCESS. dag_id=time_task, task_id=insert_value, execution_date=20230619T131915, start_date=20230619T131917, end_date=20230619T131918
[2023-06-19T13:19:18.038+0000] {local_task_job_runner.py:225} INFO - Task exited with return code 0
[2023-06-19T13:19:18.054+0000] {taskinstance.py:2653} INFO - 0 downstream tasks scheduled from follow-on schedule check
