[2023-06-19T13:28:14.283+0000] {taskinstance.py:1103} INFO - Dependencies all met for dep_context=non-requeueable deps ti=<TaskInstance: time_tracking.creating_table scheduled__2023-06-18T00:00:00+00:00 [queued]>
[2023-06-19T13:28:14.289+0000] {taskinstance.py:1103} INFO - Dependencies all met for dep_context=requeueable deps ti=<TaskInstance: time_tracking.creating_table scheduled__2023-06-18T00:00:00+00:00 [queued]>
[2023-06-19T13:28:14.290+0000] {taskinstance.py:1308} INFO - Starting attempt 1 of 1
[2023-06-19T13:28:14.299+0000] {taskinstance.py:1327} INFO - Executing <Task(PostgresOperator): creating_table> on 2023-06-18 00:00:00+00:00
[2023-06-19T13:28:14.305+0000] {standard_task_runner.py:57} INFO - Started process 276 to run task
[2023-06-19T13:28:14.309+0000] {standard_task_runner.py:84} INFO - Running: ['***', 'tasks', 'run', 'time_tracking', 'creating_table', 'scheduled__2023-06-18T00:00:00+00:00', '--job-id', '7', '--raw', '--subdir', 'DAGS_FOLDER/create_database_postgres.py', '--cfg-path', '/tmp/tmpxslggz99']
[2023-06-19T13:28:14.311+0000] {standard_task_runner.py:85} INFO - Job 7: Subtask creating_table
[2023-06-19T13:28:14.369+0000] {task_command.py:410} INFO - Running <TaskInstance: time_tracking.creating_table scheduled__2023-06-18T00:00:00+00:00 [running]> on host 747bd14dcad6
[2023-06-19T13:28:14.510+0000] {taskinstance.py:1547} INFO - Exporting env vars: AIRFLOW_CTX_DAG_OWNER='***' AIRFLOW_CTX_DAG_ID='time_tracking' AIRFLOW_CTX_TASK_ID='creating_table' AIRFLOW_CTX_EXECUTION_DATE='2023-06-18T00:00:00+00:00' AIRFLOW_CTX_TRY_NUMBER='1' AIRFLOW_CTX_DAG_RUN_ID='scheduled__2023-06-18T00:00:00+00:00'
[2023-06-19T13:28:14.514+0000] {sql.py:265} INFO - Executing: 
            CREATE TABLE IF NOT EXISTS myTime (
                curr_time TIMESTAMP
            );
        
[2023-06-19T13:28:14.531+0000] {base.py:73} INFO - Using connection ID 'postgres' for task execution.
[2023-06-19T13:28:14.606+0000] {base.py:73} INFO - Using connection ID 'postgres' for task execution.
[2023-06-19T13:28:14.623+0000] {sql.py:375} INFO - Running statement: 
            CREATE TABLE IF NOT EXISTS myTime (
                curr_time TIMESTAMP
            );
        , parameters: None
[2023-06-19T13:28:14.646+0000] {taskinstance.py:1350} INFO - Marking task as SUCCESS. dag_id=time_tracking, task_id=creating_table, execution_date=20230618T000000, start_date=20230619T132814, end_date=20230619T132814
[2023-06-19T13:28:14.683+0000] {local_task_job_runner.py:225} INFO - Task exited with return code 0
[2023-06-19T13:28:14.710+0000] {taskinstance.py:2653} INFO - 1 downstream tasks scheduled from follow-on schedule check
